<?xml version="1.0" encoding="UTF-8"?>
<testsuite xmlns:xsi="http://www.w3.org/2001/XMLSchema-instance" xsi:noNamespaceSchemaLocation="https://maven.apache.org/surefire/maven-surefire-plugin/xsd/surefire-test-report.xsd" name="br.edu.infnet.appachadosperdidos.AppachadosperdidosApplicationTests" time="2.689" tests="1" errors="0" skipped="0" failures="0">
  <properties>
    <property name="java.specification.version" value="17"/>
    <property name="sun.cpu.isalist" value="amd64"/>
    <property name="sun.jnu.encoding" value="Cp1252"/>
    <property name="java.class.path" value="G:\EDS-INFNET\Trabalho\3 - Bloco Desenvolvimento Java 20E2-20E3\DR5 - Projeto de Bloco Desenvolvimento Java\DR1_AT-main\appachadosperdidos\target\test-classes;G:\EDS-INFNET\Trabalho\3 - Bloco Desenvolvimento Java 20E2-20E3\DR5 - Projeto de Bloco Desenvolvimento Java\DR1_AT-main\appachadosperdidos\target\classes;D:\Users\casdo\.m2\repository\taglibs\standard\1.1.2\standard-1.1.2.jar;D:\Users\casdo\.m2\repository\org\glassfish\web\jakarta.servlet.jsp.jstl\3.0.1\jakarta.servlet.jsp.jstl-3.0.1.jar;D:\Users\casdo\.m2\repository\org\apache\tomcat\embed\tomcat-embed-jasper\10.1.5\tomcat-embed-jasper-10.1.5.jar;D:\Users\casdo\.m2\repository\org\apache\tomcat\embed\tomcat-embed-core\10.1.5\tomcat-embed-core-10.1.5.jar;D:\Users\casdo\.m2\repository\org\apache\tomcat\tomcat-annotations-api\10.1.5\tomcat-annotations-api-10.1.5.jar;D:\Users\casdo\.m2\repository\org\apache\tomcat\embed\tomcat-embed-el\10.1.5\tomcat-embed-el-10.1.5.jar;D:\Users\casdo\.m2\repository\org\eclipse\jdt\ecj\3.32.0\ecj-3.32.0.jar;D:\Users\casdo\.m2\repository\org\springframework\boot\spring-boot-starter-web\3.0.2\spring-boot-starter-web-3.0.2.jar;D:\Users\casdo\.m2\repository\org\springframework\boot\spring-boot-starter\3.0.2\spring-boot-starter-3.0.2.jar;D:\Users\casdo\.m2\repository\org\springframework\boot\spring-boot\3.0.2\spring-boot-3.0.2.jar;D:\Users\casdo\.m2\repository\org\springframework\boot\spring-boot-autoconfigure\3.0.2\spring-boot-autoconfigure-3.0.2.jar;D:\Users\casdo\.m2\repository\org\springframework\boot\spring-boot-starter-logging\3.0.2\spring-boot-starter-logging-3.0.2.jar;D:\Users\casdo\.m2\repository\ch\qos\logback\logback-classic\1.4.5\logback-classic-1.4.5.jar;D:\Users\casdo\.m2\repository\ch\qos\logback\logback-core\1.4.5\logback-core-1.4.5.jar;D:\Users\casdo\.m2\repository\org\apache\logging\log4j\log4j-to-slf4j\2.19.0\log4j-to-slf4j-2.19.0.jar;D:\Users\casdo\.m2\repository\org\apache\logging\log4j\log4j-api\2.19.0\log4j-api-2.19.0.jar;D:\Users\casdo\.m2\repository\org\slf4j\jul-to-slf4j\2.0.6\jul-to-slf4j-2.0.6.jar;D:\Users\casdo\.m2\repository\jakarta\annotation\jakarta.annotation-api\2.1.1\jakarta.annotation-api-2.1.1.jar;D:\Users\casdo\.m2\repository\org\yaml\snakeyaml\1.33\snakeyaml-1.33.jar;D:\Users\casdo\.m2\repository\org\springframework\boot\spring-boot-starter-json\3.0.2\spring-boot-starter-json-3.0.2.jar;D:\Users\casdo\.m2\repository\com\fasterxml\jackson\core\jackson-databind\2.14.1\jackson-databind-2.14.1.jar;D:\Users\casdo\.m2\repository\com\fasterxml\jackson\core\jackson-annotations\2.14.1\jackson-annotations-2.14.1.jar;D:\Users\casdo\.m2\repository\com\fasterxml\jackson\core\jackson-core\2.14.1\jackson-core-2.14.1.jar;D:\Users\casdo\.m2\repository\com\fasterxml\jackson\datatype\jackson-datatype-jdk8\2.14.1\jackson-datatype-jdk8-2.14.1.jar;D:\Users\casdo\.m2\repository\com\fasterxml\jackson\datatype\jackson-datatype-jsr310\2.14.1\jackson-datatype-jsr310-2.14.1.jar;D:\Users\casdo\.m2\repository\com\fasterxml\jackson\module\jackson-module-parameter-names\2.14.1\jackson-module-parameter-names-2.14.1.jar;D:\Users\casdo\.m2\repository\org\springframework\boot\spring-boot-starter-tomcat\3.0.2\spring-boot-starter-tomcat-3.0.2.jar;D:\Users\casdo\.m2\repository\org\apache\tomcat\embed\tomcat-embed-websocket\10.1.5\tomcat-embed-websocket-10.1.5.jar;D:\Users\casdo\.m2\repository\org\springframework\spring-web\6.0.4\spring-web-6.0.4.jar;D:\Users\casdo\.m2\repository\org\springframework\spring-beans\6.0.4\spring-beans-6.0.4.jar;D:\Users\casdo\.m2\repository\io\micrometer\micrometer-observation\1.10.3\micrometer-observation-1.10.3.jar;D:\Users\casdo\.m2\repository\io\micrometer\micrometer-commons\1.10.3\micrometer-commons-1.10.3.jar;D:\Users\casdo\.m2\repository\org\springframework\spring-webmvc\6.0.4\spring-webmvc-6.0.4.jar;D:\Users\casdo\.m2\repository\org\springframework\spring-aop\6.0.4\spring-aop-6.0.4.jar;D:\Users\casdo\.m2\repository\org\springframework\spring-context\6.0.4\spring-context-6.0.4.jar;D:\Users\casdo\.m2\repository\org\springframework\spring-expression\6.0.4\spring-expression-6.0.4.jar;D:\Users\casdo\.m2\repository\org\springframework\boot\spring-boot-starter-test\3.0.2\spring-boot-starter-test-3.0.2.jar;D:\Users\casdo\.m2\repository\org\springframework\boot\spring-boot-test\3.0.2\spring-boot-test-3.0.2.jar;D:\Users\casdo\.m2\repository\org\springframework\boot\spring-boot-test-autoconfigure\3.0.2\spring-boot-test-autoconfigure-3.0.2.jar;D:\Users\casdo\.m2\repository\com\jayway\jsonpath\json-path\2.7.0\json-path-2.7.0.jar;D:\Users\casdo\.m2\repository\net\minidev\json-smart\2.4.8\json-smart-2.4.8.jar;D:\Users\casdo\.m2\repository\net\minidev\accessors-smart\2.4.8\accessors-smart-2.4.8.jar;D:\Users\casdo\.m2\repository\org\ow2\asm\asm\9.1\asm-9.1.jar;D:\Users\casdo\.m2\repository\org\slf4j\slf4j-api\2.0.6\slf4j-api-2.0.6.jar;D:\Users\casdo\.m2\repository\jakarta\xml\bind\jakarta.xml.bind-api\4.0.0\jakarta.xml.bind-api-4.0.0.jar;D:\Users\casdo\.m2\repository\jakarta\activation\jakarta.activation-api\2.1.1\jakarta.activation-api-2.1.1.jar;D:\Users\casdo\.m2\repository\org\assertj\assertj-core\3.23.1\assertj-core-3.23.1.jar;D:\Users\casdo\.m2\repository\net\bytebuddy\byte-buddy\1.12.22\byte-buddy-1.12.22.jar;D:\Users\casdo\.m2\repository\org\hamcrest\hamcrest\2.2\hamcrest-2.2.jar;D:\Users\casdo\.m2\repository\org\junit\jupiter\junit-jupiter\5.9.2\junit-jupiter-5.9.2.jar;D:\Users\casdo\.m2\repository\org\junit\jupiter\junit-jupiter-api\5.9.2\junit-jupiter-api-5.9.2.jar;D:\Users\casdo\.m2\repository\org\opentest4j\opentest4j\1.2.0\opentest4j-1.2.0.jar;D:\Users\casdo\.m2\repository\org\junit\platform\junit-platform-commons\1.9.2\junit-platform-commons-1.9.2.jar;D:\Users\casdo\.m2\repository\org\apiguardian\apiguardian-api\1.1.2\apiguardian-api-1.1.2.jar;D:\Users\casdo\.m2\repository\org\junit\jupiter\junit-jupiter-params\5.9.2\junit-jupiter-params-5.9.2.jar;D:\Users\casdo\.m2\repository\org\junit\jupiter\junit-jupiter-engine\5.9.2\junit-jupiter-engine-5.9.2.jar;D:\Users\casdo\.m2\repository\org\junit\platform\junit-platform-engine\1.9.2\junit-platform-engine-1.9.2.jar;D:\Users\casdo\.m2\repository\org\mockito\mockito-core\4.8.1\mockito-core-4.8.1.jar;D:\Users\casdo\.m2\repository\net\bytebuddy\byte-buddy-agent\1.12.22\byte-buddy-agent-1.12.22.jar;D:\Users\casdo\.m2\repository\org\objenesis\objenesis\3.2\objenesis-3.2.jar;D:\Users\casdo\.m2\repository\org\mockito\mockito-junit-jupiter\4.8.1\mockito-junit-jupiter-4.8.1.jar;D:\Users\casdo\.m2\repository\org\skyscreamer\jsonassert\1.5.1\jsonassert-1.5.1.jar;D:\Users\casdo\.m2\repository\com\vaadin\external\google\android-json\0.0.20131108.vaadin1\android-json-0.0.20131108.vaadin1.jar;D:\Users\casdo\.m2\repository\org\springframework\spring-core\6.0.4\spring-core-6.0.4.jar;D:\Users\casdo\.m2\repository\org\springframework\spring-jcl\6.0.4\spring-jcl-6.0.4.jar;D:\Users\casdo\.m2\repository\org\springframework\spring-test\6.0.4\spring-test-6.0.4.jar;D:\Users\casdo\.m2\repository\org\xmlunit\xmlunit-core\2.9.1\xmlunit-core-2.9.1.jar;"/>
    <property name="java.vm.vendor" value="Eclipse Adoptium"/>
    <property name="sun.arch.data.model" value="64"/>
    <property name="user.variant" value=""/>
    <property name="java.vendor.url" value="https://adoptium.net/"/>
    <property name="user.timezone" value="America/Sao_Paulo"/>
    <property name="os.name" value="Windows 11"/>
    <property name="java.vm.specification.version" value="17"/>
    <property name="sun.java.launcher" value="SUN_STANDARD"/>
    <property name="user.country" value="BR"/>
    <property name="sun.boot.library.path" value="D:\Users\casdo\.p2\pool\plugins\org.eclipse.justj.openjdk.hotspot.jre.full.win32.x86_64_17.0.5.v20221102-0933\jre\bin"/>
    <property name="sun.java.command" value="D:\Users\casdo\AppData\Local\Temp\surefire10703217969185239059\surefirebooter11316554298361395962.jar D:\Users\casdo\AppData\Local\Temp\surefire10703217969185239059 2023-02-26T21-13-00_115-jvmRun1 surefire16006290384601341880tmp surefire_014408426989285511296tmp"/>
    <property name="jdk.debug" value="release"/>
    <property name="surefire.test.class.path" value="G:\EDS-INFNET\Trabalho\3 - Bloco Desenvolvimento Java 20E2-20E3\DR5 - Projeto de Bloco Desenvolvimento Java\DR1_AT-main\appachadosperdidos\target\test-classes;G:\EDS-INFNET\Trabalho\3 - Bloco Desenvolvimento Java 20E2-20E3\DR5 - Projeto de Bloco Desenvolvimento Java\DR1_AT-main\appachadosperdidos\target\classes;D:\Users\casdo\.m2\repository\taglibs\standard\1.1.2\standard-1.1.2.jar;D:\Users\casdo\.m2\repository\org\glassfish\web\jakarta.servlet.jsp.jstl\3.0.1\jakarta.servlet.jsp.jstl-3.0.1.jar;D:\Users\casdo\.m2\repository\org\apache\tomcat\embed\tomcat-embed-jasper\10.1.5\tomcat-embed-jasper-10.1.5.jar;D:\Users\casdo\.m2\repository\org\apache\tomcat\embed\tomcat-embed-core\10.1.5\tomcat-embed-core-10.1.5.jar;D:\Users\casdo\.m2\repository\org\apache\tomcat\tomcat-annotations-api\10.1.5\tomcat-annotations-api-10.1.5.jar;D:\Users\casdo\.m2\repository\org\apache\tomcat\embed\tomcat-embed-el\10.1.5\tomcat-embed-el-10.1.5.jar;D:\Users\casdo\.m2\repository\org\eclipse\jdt\ecj\3.32.0\ecj-3.32.0.jar;D:\Users\casdo\.m2\repository\org\springframework\boot\spring-boot-starter-web\3.0.2\spring-boot-starter-web-3.0.2.jar;D:\Users\casdo\.m2\repository\org\springframework\boot\spring-boot-starter\3.0.2\spring-boot-starter-3.0.2.jar;D:\Users\casdo\.m2\repository\org\springframework\boot\spring-boot\3.0.2\spring-boot-3.0.2.jar;D:\Users\casdo\.m2\repository\org\springframework\boot\spring-boot-autoconfigure\3.0.2\spring-boot-autoconfigure-3.0.2.jar;D:\Users\casdo\.m2\repository\org\springframework\boot\spring-boot-starter-logging\3.0.2\spring-boot-starter-logging-3.0.2.jar;D:\Users\casdo\.m2\repository\ch\qos\logback\logback-classic\1.4.5\logback-classic-1.4.5.jar;D:\Users\casdo\.m2\repository\ch\qos\logback\logback-core\1.4.5\logback-core-1.4.5.jar;D:\Users\casdo\.m2\repository\org\apache\logging\log4j\log4j-to-slf4j\2.19.0\log4j-to-slf4j-2.19.0.jar;D:\Users\casdo\.m2\repository\org\apache\logging\log4j\log4j-api\2.19.0\log4j-api-2.19.0.jar;D:\Users\casdo\.m2\repository\org\slf4j\jul-to-slf4j\2.0.6\jul-to-slf4j-2.0.6.jar;D:\Users\casdo\.m2\repository\jakarta\annotation\jakarta.annotation-api\2.1.1\jakarta.annotation-api-2.1.1.jar;D:\Users\casdo\.m2\repository\org\yaml\snakeyaml\1.33\snakeyaml-1.33.jar;D:\Users\casdo\.m2\repository\org\springframework\boot\spring-boot-starter-json\3.0.2\spring-boot-starter-json-3.0.2.jar;D:\Users\casdo\.m2\repository\com\fasterxml\jackson\core\jackson-databind\2.14.1\jackson-databind-2.14.1.jar;D:\Users\casdo\.m2\repository\com\fasterxml\jackson\core\jackson-annotations\2.14.1\jackson-annotations-2.14.1.jar;D:\Users\casdo\.m2\repository\com\fasterxml\jackson\core\jackson-core\2.14.1\jackson-core-2.14.1.jar;D:\Users\casdo\.m2\repository\com\fasterxml\jackson\datatype\jackson-datatype-jdk8\2.14.1\jackson-datatype-jdk8-2.14.1.jar;D:\Users\casdo\.m2\repository\com\fasterxml\jackson\datatype\jackson-datatype-jsr310\2.14.1\jackson-datatype-jsr310-2.14.1.jar;D:\Users\casdo\.m2\repository\com\fasterxml\jackson\module\jackson-module-parameter-names\2.14.1\jackson-module-parameter-names-2.14.1.jar;D:\Users\casdo\.m2\repository\org\springframework\boot\spring-boot-starter-tomcat\3.0.2\spring-boot-starter-tomcat-3.0.2.jar;D:\Users\casdo\.m2\repository\org\apache\tomcat\embed\tomcat-embed-websocket\10.1.5\tomcat-embed-websocket-10.1.5.jar;D:\Users\casdo\.m2\repository\org\springframework\spring-web\6.0.4\spring-web-6.0.4.jar;D:\Users\casdo\.m2\repository\org\springframework\spring-beans\6.0.4\spring-beans-6.0.4.jar;D:\Users\casdo\.m2\repository\io\micrometer\micrometer-observation\1.10.3\micrometer-observation-1.10.3.jar;D:\Users\casdo\.m2\repository\io\micrometer\micrometer-commons\1.10.3\micrometer-commons-1.10.3.jar;D:\Users\casdo\.m2\repository\org\springframework\spring-webmvc\6.0.4\spring-webmvc-6.0.4.jar;D:\Users\casdo\.m2\repository\org\springframework\spring-aop\6.0.4\spring-aop-6.0.4.jar;D:\Users\casdo\.m2\repository\org\springframework\spring-context\6.0.4\spring-context-6.0.4.jar;D:\Users\casdo\.m2\repository\org\springframework\spring-expression\6.0.4\spring-expression-6.0.4.jar;D:\Users\casdo\.m2\repository\org\springframework\boot\spring-boot-starter-test\3.0.2\spring-boot-starter-test-3.0.2.jar;D:\Users\casdo\.m2\repository\org\springframework\boot\spring-boot-test\3.0.2\spring-boot-test-3.0.2.jar;D:\Users\casdo\.m2\repository\org\springframework\boot\spring-boot-test-autoconfigure\3.0.2\spring-boot-test-autoconfigure-3.0.2.jar;D:\Users\casdo\.m2\repository\com\jayway\jsonpath\json-path\2.7.0\json-path-2.7.0.jar;D:\Users\casdo\.m2\repository\net\minidev\json-smart\2.4.8\json-smart-2.4.8.jar;D:\Users\casdo\.m2\repository\net\minidev\accessors-smart\2.4.8\accessors-smart-2.4.8.jar;D:\Users\casdo\.m2\repository\org\ow2\asm\asm\9.1\asm-9.1.jar;D:\Users\casdo\.m2\repository\org\slf4j\slf4j-api\2.0.6\slf4j-api-2.0.6.jar;D:\Users\casdo\.m2\repository\jakarta\xml\bind\jakarta.xml.bind-api\4.0.0\jakarta.xml.bind-api-4.0.0.jar;D:\Users\casdo\.m2\repository\jakarta\activation\jakarta.activation-api\2.1.1\jakarta.activation-api-2.1.1.jar;D:\Users\casdo\.m2\repository\org\assertj\assertj-core\3.23.1\assertj-core-3.23.1.jar;D:\Users\casdo\.m2\repository\net\bytebuddy\byte-buddy\1.12.22\byte-buddy-1.12.22.jar;D:\Users\casdo\.m2\repository\org\hamcrest\hamcrest\2.2\hamcrest-2.2.jar;D:\Users\casdo\.m2\repository\org\junit\jupiter\junit-jupiter\5.9.2\junit-jupiter-5.9.2.jar;D:\Users\casdo\.m2\repository\org\junit\jupiter\junit-jupiter-api\5.9.2\junit-jupiter-api-5.9.2.jar;D:\Users\casdo\.m2\repository\org\opentest4j\opentest4j\1.2.0\opentest4j-1.2.0.jar;D:\Users\casdo\.m2\repository\org\junit\platform\junit-platform-commons\1.9.2\junit-platform-commons-1.9.2.jar;D:\Users\casdo\.m2\repository\org\apiguardian\apiguardian-api\1.1.2\apiguardian-api-1.1.2.jar;D:\Users\casdo\.m2\repository\org\junit\jupiter\junit-jupiter-params\5.9.2\junit-jupiter-params-5.9.2.jar;D:\Users\casdo\.m2\repository\org\junit\jupiter\junit-jupiter-engine\5.9.2\junit-jupiter-engine-5.9.2.jar;D:\Users\casdo\.m2\repository\org\junit\platform\junit-platform-engine\1.9.2\junit-platform-engine-1.9.2.jar;D:\Users\casdo\.m2\repository\org\mockito\mockito-core\4.8.1\mockito-core-4.8.1.jar;D:\Users\casdo\.m2\repository\net\bytebuddy\byte-buddy-agent\1.12.22\byte-buddy-agent-1.12.22.jar;D:\Users\casdo\.m2\repository\org\objenesis\objenesis\3.2\objenesis-3.2.jar;D:\Users\casdo\.m2\repository\org\mockito\mockito-junit-jupiter\4.8.1\mockito-junit-jupiter-4.8.1.jar;D:\Users\casdo\.m2\repository\org\skyscreamer\jsonassert\1.5.1\jsonassert-1.5.1.jar;D:\Users\casdo\.m2\repository\com\vaadin\external\google\android-json\0.0.20131108.vaadin1\android-json-0.0.20131108.vaadin1.jar;D:\Users\casdo\.m2\repository\org\springframework\spring-core\6.0.4\spring-core-6.0.4.jar;D:\Users\casdo\.m2\repository\org\springframework\spring-jcl\6.0.4\spring-jcl-6.0.4.jar;D:\Users\casdo\.m2\repository\org\springframework\spring-test\6.0.4\spring-test-6.0.4.jar;D:\Users\casdo\.m2\repository\org\xmlunit\xmlunit-core\2.9.1\xmlunit-core-2.9.1.jar;"/>
    <property name="sun.cpu.endian" value="little"/>
    <property name="user.home" value="D:\Users\casdo"/>
    <property name="user.language" value="pt"/>
    <property name="java.specification.vendor" value="Oracle Corporation"/>
    <property name="java.version.date" value="2022-10-18"/>
    <property name="java.home" value="D:\Users\casdo\.p2\pool\plugins\org.eclipse.justj.openjdk.hotspot.jre.full.win32.x86_64_17.0.5.v20221102-0933\jre"/>
    <property name="file.separator" value="\"/>
    <property name="style.color" value="always"/>
    <property name="basedir" value="G:\EDS-INFNET\Trabalho\3 - Bloco Desenvolvimento Java 20E2-20E3\DR5 - Projeto de Bloco Desenvolvimento Java\DR1_AT-main\appachadosperdidos"/>
    <property name="java.vm.compressedOopsMode" value="Zero based"/>
    <property name="line.separator" value="&#10;"/>
    <property name="java.vm.specification.vendor" value="Oracle Corporation"/>
    <property name="java.specification.name" value="Java Platform API Specification"/>
    <property name="surefire.real.class.path" value="D:\Users\casdo\AppData\Local\Temp\surefire10703217969185239059\surefirebooter11316554298361395962.jar"/>
    <property name="user.script" value=""/>
    <property name="sun.management.compiler" value="HotSpot 64-Bit Tiered Compilers"/>
    <property name="java.runtime.version" value="17.0.5+8"/>
    <property name="user.name" value="casdo"/>
    <property name="path.separator" value=";"/>
    <property name="os.version" value="10.0"/>
    <property name="java.runtime.name" value="OpenJDK Runtime Environment"/>
    <property name="file.encoding" value="Cp1252"/>
    <property name="java.vm.name" value="OpenJDK 64-Bit Server VM"/>
    <property name="java.vendor.version" value="Temurin-17.0.5+8"/>
    <property name="localRepository" value="D:\Users\casdo\.m2\repository"/>
    <property name="java.vendor.url.bug" value="https://github.com/adoptium/adoptium-support/issues"/>
    <property name="java.io.tmpdir" value="D:\Users\casdo\AppData\Local\Temp\"/>
    <property name="java.version" value="17.0.5"/>
    <property name="user.dir" value="G:\EDS-INFNET\Trabalho\3 - Bloco Desenvolvimento Java 20E2-20E3\DR5 - Projeto de Bloco Desenvolvimento Java\DR1_AT-main\appachadosperdidos"/>
    <property name="os.arch" value="amd64"/>
    <property name="java.vm.specification.name" value="Java Virtual Machine Specification"/>
    <property name="sun.os.patch.level" value=""/>
    <property name="native.encoding" value="Cp1252"/>
    <property name="java.library.path" value="D:\Users\casdo\.p2\pool\plugins\org.eclipse.justj.openjdk.hotspot.jre.full.win32.x86_64_17.0.5.v20221102-0933\jre\bin;C:\WINDOWS\Sun\Java\bin;C:\WINDOWS\system32;C:\WINDOWS;D:/Users/casdo/.p2/pool/plugins/org.eclipse.justj.openjdk.hotspot.jre.full.win32.x86_64_17.0.5.v20221102-0933/jre/bin/server;D:/Users/casdo/.p2/pool/plugins/org.eclipse.justj.openjdk.hotspot.jre.full.win32.x86_64_17.0.5.v20221102-0933/jre/bin;D:\Program Files (x86)\VMware\VMware Workstation\bin\;C:\Program Files (x86)\Intel\iCLS Client\;C:\Program Files\Intel\iCLS Client\;C:\Windows\system32;C:\Windows;C:\Windows\System32\Wbem;C:\Windows\System32\WindowsPowerShell\v1.0\;C:\Windows\System32\OpenSSH\;C:\Program Files (x86)\Intel\Intel(R) Management Engine Components\DAL;C:\Program Files\Intel\Intel(R) Management Engine Components\DAL;C:\Program Files (x86)\Intel\Intel(R) Management Engine Components\IPT;C:\Program Files\Intel\Intel(R) Management Engine Components\IPT;C:\Program Files (x86)\NVIDIA Corporation\PhysX\Common;C:\WINDOWS\system32;C:\WINDOWS;C:\WINDOWS\System32\Wbem;C:\WINDOWS\System32\WindowsPowerShell\v1.0\;C:\WINDOWS\System32\OpenSSH\;C:\Program Files (x86)\dotnet\;D:\Program Files\nodejs\;D:\xampp\php\;D:\Program Files\PuTTY\;D:\composer;C:\Program Files\Git\cmd;E:\WEBOS_TV\webOS_TV_SDK;E:\WEBOS_TV\webOS_TV_SDK\CLI\bin;E:\WEBOS_TV\webOS_TV_SDK\CLI;C:\Program Files\Java\jdk-19\bin;C:\Program Files\PowerShell\7\;D:\Users\casdo\AppData\Local\Microsoft\WindowsApps;D:\Users\casdo\AppData\Roaming\npm;D:\Users\casdo\AppData\Roaming\Composer\vendor\bin;D:\Users\casdo\AppData\Local\Programs\Microsoft VS Code\bin;&quot;D:\Program Files (x86)\VMware\VMware Workstation\bin\;C:\Program Files (x86)\Intel\iCLS Client\;C:\Program Files\Intel\iCLS Client\;C:\Windows\system32;C:\Windows;C:\Windows\System32\Wbem;C:\Windows\System32\WindowsPowerShell\v1.0\;C:\Windows\System32\OpenSSH\;C:\Program Files (x86)\Intel\Intel(R) Management Engine Components\DAL;C:\Program Files\Intel\Intel(R) Management Engine Components\DAL;C:\Program Files (x86)\Intel\Intel(R) Management Engine Components\IPT;C:\Program Files\Intel\Intel(R) Management Engine Components\IPT;C:\Program Files (x86)\NVIDIA Corporation\PhysX\Common;C:\WINDOWS\system32;C:\WINDOWS;C:\WINDOWS\System32\Wbem;C:\WINDOWS\System32\WindowsPowerShell\v1.0\;C:\WINDOWS\System32\OpenSSH\;C:\Program Files (x86)\dotnet\;D:\Program Files\nodejs\;D:\xampp\php\;D:\Program Files\PuTTY\;D:\composer;C:\Program Files\Git\cmd;E:\WEBOS_TV\webOS_TV_SDK;E:\WEBOS_TV\webOS_TV_SDK\CLI\bin;E:\WEBOS_TV\webOS_TV_SDK\CLI;C:\Program Files\Java\jdk-19\bin;C:\Program Files\PowerShell\7\;E:\WEBOS_TV\webOS_TV_SDK\CLI\bin&quot;;;C:\WINDOWS\system32;;."/>
    <property name="java.vm.info" value="mixed mode"/>
    <property name="java.vendor" value="Eclipse Adoptium"/>
    <property name="java.vm.version" value="17.0.5+8"/>
    <property name="sun.io.unicode.encoding" value="UnicodeLittle"/>
    <property name="java.class.version" value="61.0"/>
  </properties>
  <testcase name="contextLoads" classname="br.edu.infnet.appachadosperdidos.AppachadosperdidosApplicationTests" time="0.507"/>
</testsuite>